2025-11-02 00:03:18 INFO  c.w.h.c.ProyectoController - Lista de proyectos
2025-11-02 00:03:20 INFO  c.w.h.c.ProyectoController - Lista de proyectos
2025-11-02 00:03:33 INFO  c.w.h.c.ProyectoController - Lista de proyectos
2025-11-02 00:03:40 INFO  c.w.h.c.ProyectoController - Lista de proyectos
2025-11-02 00:03:41 INFO  c.w.h.c.ProyectoController - Lista de proyectos
2025-11-02 00:03:41 INFO  c.w.h.c.ProyectoController - Lista de proyectos
2025-11-02 00:03:46 INFO  c.w.h.c.ProyectoController - Lista de proyectos
2025-11-02 00:03:51 INFO  c.w.h.c.ProyectoController - Lista de proyectos
2025-11-02 00:03:53 INFO  c.w.h.c.ProyectoController - Lista de proyectos
2025-11-02 00:03:55 INFO  c.w.h.c.ProyectoController - Lista de proyectos
2025-11-02 00:03:58 INFO  c.w.h.c.ProyectoController - Lista de proyectos
2025-11-02 00:04:00 INFO  c.w.h.c.ProyectoController - Lista de proyectos
2025-11-02 00:05:35 INFO  c.w.h.c.ProyectoController - Lista de proyectos
2025-11-02 00:05:38 INFO  c.w.h.c.ProyectoController - Lista de proyectos
2025-11-02 00:05:40 INFO  c.w.h.c.ProyectoController - Lista de proyectos
2025-11-02 00:05:40 INFO  c.w.h.c.ProyectoController - Lista de proyectos
2025-11-02 00:05:41 INFO  c.w.h.c.ProyectoController - Lista de proyectos
2025-11-02 00:05:41 INFO  c.w.h.c.ProyectoController - Lista de proyectos
2025-11-02 00:05:42 INFO  c.w.h.c.ProyectoController - Lista de proyectos
2025-11-02 00:05:44 INFO  c.w.h.c.ProyectoController - Lista de proyectos
2025-11-02 00:07:14 INFO  c.w.h.c.ProyectoController - Lista de proyectos
2025-11-02 00:07:15 INFO  c.w.h.c.ProyectoController - Lista de proyectos
2025-11-02 00:07:16 INFO  c.w.h.c.ProyectoController - Lista de proyectos
2025-11-02 00:07:18 INFO  c.w.h.c.ProyectoController - Lista de proyectos
2025-11-02 00:08:38 INFO  c.w.h.c.ProyectoController - Lista de proyectos
2025-11-02 00:08:39 INFO  c.w.h.c.ProyectoController - Lista de proyectos
2025-11-02 00:08:40 INFO  c.w.h.c.ProyectoController - Lista de proyectos
2025-11-02 00:08:40 INFO  c.w.h.c.ProyectoController - Lista de proyectos
2025-11-02 00:08:44 INFO  c.w.h.c.ProyectoController - Lista de proyectos
2025-11-02 00:08:44 INFO  c.w.h.c.ProyectoController - Lista de proyectos
2025-11-02 00:08:50 INFO  c.w.h.c.ProyectoController - Lista de proyectos
2025-11-02 00:08:55 INFO  c.w.h.c.ProyectoController - Lista de proyectos
2025-11-02 00:08:55 INFO  c.w.h.c.ProyectoController - Lista de proyectos
2025-11-02 00:08:56 INFO  c.w.h.c.ProyectoController - Lista de proyectos
2025-11-02 00:08:57 INFO  c.w.h.c.ProyectoController - Lista de proyectos
2025-11-02 00:08:58 INFO  c.w.h.c.ProyectoController - Lista de proyectos
2025-11-02 00:08:58 INFO  c.w.h.c.ProyectoController - Lista de proyectos
2025-11-02 00:08:58 INFO  c.w.h.c.ProyectoController - Lista de proyectos
2025-11-02 00:09:01 INFO  c.w.h.c.ProyectoController - Lista de proyectos
2025-11-02 00:09:04 INFO  c.w.h.c.ProyectoController - Lista de proyectos
2025-11-02 00:09:04 INFO  c.w.h.c.ProyectoController - Lista de proyectos
2025-11-02 00:09:04 INFO  c.w.h.c.ProyectoController - Lista de proyectos
2025-11-02 00:09:05 INFO  c.w.h.c.ProyectoController - Lista de proyectos
2025-11-02 00:09:05 INFO  c.w.h.c.ProyectoController - Lista de proyectos
2025-11-02 00:09:06 INFO  c.w.h.c.ProyectoController - Lista de proyectos
2025-11-02 00:09:06 INFO  c.w.h.c.ProyectoController - Lista de proyectos
2025-11-02 00:09:07 INFO  c.w.h.c.ProyectoController - Lista de proyectos
2025-11-02 00:09:07 INFO  c.w.h.c.ProyectoController - Lista de proyectos
2025-11-02 00:09:08 INFO  c.w.h.c.ProyectoController - Lista de proyectos
2025-11-02 00:09:08 INFO  c.w.h.c.ProyectoController - Lista de proyectos
2025-11-02 00:09:08 INFO  c.w.h.c.ProyectoController - Lista de proyectos
2025-11-02 00:09:11 INFO  c.w.h.c.ProyectoController - Lista de proyectos
2025-11-02 00:14:25 INFO  o.s.b.w.e.tomcat.GracefulShutdown - Commencing graceful shutdown. Waiting for active requests to complete
2025-11-02 00:14:25 INFO  o.s.b.w.e.tomcat.GracefulShutdown - Graceful shutdown complete
2025-11-02 00:14:25 INFO  o.s.o.j.LocalContainerEntityManagerFactoryBean - Closing JPA EntityManagerFactory for persistence unit 'default'
2025-11-02 00:14:25 INFO  com.zaxxer.hikari.HikariDataSource - HikariPool-1 - Shutdown initiated...
2025-11-02 00:14:25 INFO  com.zaxxer.hikari.HikariDataSource - HikariPool-1 - Shutdown completed.
